#
# There is insufficient memory for the Java Runtime Environment to continue.
# Native memory allocation (malloc) failed to allocate 1048576 bytes for AllocateHeap
# Possible reasons:
#   The system is out of physical RAM or swap space
#   The process is running with CompressedOops enabled, and the Java Heap may be blocking the growth of the native heap
# Possible solutions:
#   Reduce memory load on the system
#   Increase physical memory or swap space
#   Check if swap backing store is full
#   Decrease Java heap size (-Xmx/-Xms)
#   Decrease number of Java threads
#   Decrease Java thread stack sizes (-Xss)
#   Set larger code cache with -XX:ReservedCodeCacheSize=
#   JVM is running with Unscaled Compressed Oops mode in which the Java heap is
#     placed in the first 4GB address space. The Java Heap base address is the
#     maximum limit for the native heap growth. Please use -XX:HeapBaseMinAddress
#     to set the Java Heap base and to place the Java Heap above 4GB virtual address.
# This output file may be truncated or incomplete.
#
#  Out of Memory Error (./open/src/hotspot/share/memory/allocation.cpp:44), pid=29372, tid=32028
#
# JRE version: Java(TM) SE Runtime Environment (15.0.1+9) (build 15.0.1+9-18)
# Java VM: Java HotSpot(TM) 64-Bit Server VM (15.0.1+9-18, mixed mode, sharing, tiered, compressed oops, g1 gc, windows-amd64)
# No core dump will be written. Minidumps are not enabled by default on client versions of Windows
#

---------------  S U M M A R Y ------------

Command Line: -Dfile.encoding=Cp1252 --module-path=D:\mysql-connector-java-8.0.23\mysql-connector-java-8.0.23.jar -XX:+ShowCodeDetailsInExceptionMessages Employee.Update_Employee

Host: AMD A4-7210 APU with AMD Radeon R3 Graphics    , 4 cores, 6G,  Windows 10 , 64 bit Build 18362 (10.0.18362.1316)
Time: Wed Jan 27 18:17:24 2021 India Standard Time elapsed time: 2.310627 seconds (0d 0h 0m 2s)

---------------  T H R E A D  ---------------

Current thread (0x000002159530ee80):  VMThread "VM Thread" [stack: 0x000000179d100000,0x000000179d200000] [id=32028]

Stack: [0x000000179d100000,0x000000179d200000]
[error occurred during error reporting (printing stack bounds), id 0xc0000005, EXCEPTION_ACCESS_VIOLATION (0xc0000005) at pc=0x00000215800010ad]

Native frames: (J=compiled Java code, j=interpreted, Vv=VM code, C=native code)
V  [jvm.dll+0x62ae9a]
V  [jvm.dll+0x781389]
V  [jvm.dll+0x782ae3]
V  [jvm.dll+0x7830a5]
V  [jvm.dll+0x78305b]
V  [jvm.dll+0x62a2b9]
V  [jvm.dll+0x62aa88]
C  [ntdll.dll+0xa184f]
C  [ntdll.dll+0x6a889]
C  [ntdll.dll+0xa04be]
C  0x00000215800010ad

VM_Operation (0x000000179cbfe080): CollectForMetadataAllocation, mode: safepoint, requested by thread 0x00000215f7a205a0


---------------  P R O C E S S  ---------------

Threads class SMR info:
_java_thread_list=0x00000215963d9fa0, length=17, elements={
0x00000215f7a205a0, 0x0000021595312620, 0x0000021595313100, 0x0000021595330cd0,
0x00000215953336a0, 0x0000021595335070, 0x0000021595337d80, 0x0000021595346530,
0x000002159535a230, 0x00000215952fe1a0, 0x0000021595f02d90, 0x00000215960b10c0,
0x0000021595fe35b0, 0x0000021595fe8550, 0x0000021595f1e700, 0x00000215964106c0,
0x0000021596411b60
}

Java Threads: ( => current thread )
  0x00000215f7a205a0 JavaThread "main" [_thread_blocked, id=28980, stack(0x000000179cb00000,0x000000179cc00000)]
  0x0000021595312620 JavaThread "Reference Handler" daemon [_thread_blocked, id=32680, stack(0x000000179d200000,0x000000179d300000)]
  0x0000021595313100 JavaThread "Finalizer" daemon [_thread_blocked, id=32712, stack(0x000000179d300000,0x000000179d400000)]
  0x0000021595330cd0 JavaThread "Signal Dispatcher" daemon [_thread_blocked, id=31112, stack(0x000000179d400000,0x000000179d500000)]
  0x00000215953336a0 JavaThread "Attach Listener" daemon [_thread_blocked, id=20588, stack(0x000000179d500000,0x000000179d600000)]
  0x0000021595335070 JavaThread "Service Thread" daemon [_thread_blocked, id=32496, stack(0x000000179d600000,0x000000179d700000)]
  0x0000021595337d80 JavaThread "C2 CompilerThread0" daemon [_thread_blocked, id=32204, stack(0x000000179d700000,0x000000179d800000)]
  0x0000021595346530 JavaThread "C1 CompilerThread0" daemon [_thread_blocked, id=18624, stack(0x000000179d800000,0x000000179d900000)]
  0x000002159535a230 JavaThread "Sweeper thread" daemon [_thread_blocked, id=16340, stack(0x000000179d900000,0x000000179da00000)]
  0x00000215952fe1a0 JavaThread "Common-Cleaner" daemon [_thread_blocked, id=29304, stack(0x000000179da00000,0x000000179db00000)]
  0x0000021595f02d90 JavaThread "Notification Thread" daemon [_thread_blocked, id=28464, stack(0x000000179dc00000,0x000000179dd00000)]
  0x00000215960b10c0 JavaThread "Java2D Disposer" daemon [_thread_blocked, id=29600, stack(0x000000179db00000,0x000000179dc00000)]
  0x0000021595fe35b0 JavaThread "AWT-Shutdown" [_thread_blocked, id=31872, stack(0x000000179de00000,0x000000179df00000)]
  0x0000021595fe8550 JavaThread "AWT-Windows" daemon [_thread_in_native, id=30352, stack(0x000000179df00000,0x000000179e000000)]
  0x0000021595f1e700 JavaThread "AWT-EventQueue-0" [_thread_in_native, id=32008, stack(0x000000179e800000,0x000000179e900000)]
  0x00000215964106c0 JavaThread "D3D Screen Updater" daemon [_thread_in_native, id=28192, stack(0x000000179e900000,0x000000179ea00000)]
  0x0000021596411b60 JavaThread "Image Fetcher 0" daemon [_thread_blocked, id=28212, stack(0x000000179ea00000,0x000000179eb00000)]

Other Threads:
=>0x000002159530ee80 VMThread "VM Thread" [stack: 0x000000179d100000,0x000000179d200000] [id=32028]
  0x00000215f7a22af0 WatcherThread [stack: 0x000000179dd00000,0x000000179de00000] [id=29352]
  0x00000215f7a5ce60 GCTaskThread "GC Thread#0" [stack: 0x000000179cc00000,0x000000179cd00000] [id=31976]
  0x0000021595f158d0 GCTaskThread "GC Thread#1" [stack: 0x000000179eb00000,0x000000179ec00000] [id=30456]
  0x0000021595f16590 GCTaskThread "GC Thread#2" [stack: 0x000000179ec00000,0x000000179ed00000] [id=32056]
  0x0000021595f168c0 GCTaskThread "GC Thread#3" [stack: 0x000000179ed00000,0x000000179ee00000] [id=31288]
  0x00000215f7a6e440 ConcurrentGCThread "G1 Main Marker" [stack: 0x000000179cd00000,0x000000179ce00000] [id=31444]
  0x00000215f7a6ef40 ConcurrentGCThread "G1 Conc#0" [stack: 0x000000179ce00000,0x000000179cf00000] [id=32576]
  0x00000215f7ad7380 ConcurrentGCThread "G1 Refine#0" [stack: 0x000000179cf00000,0x000000179d000000] [id=27872]
  0x00000215f7ad7e90 ConcurrentGCThread "G1 Young RemSet Sampling" [stack: 0x000000179d000000,0x000000179d100000] [id=18380]

Threads with active compile tasks:

VM state: at safepoint (normal execution)

VM Mutex/Monitor currently owned by a thread:  ([mutex/lock_event])
[0x00000215f7a1d080] Threads_lock - owner thread: 0x000002159530ee80
[0x00000215f7a1c780] Heap_lock - owner thread: 0x00000215f7a205a0

Heap address: 0x0000000091600000, size: 1770 MB, Compressed Oops mode: 32-bit
CDS archive(s) mapped at: [0x0000000800000000-0x0000000800b50000-0x0000000800b50000), size 11862016, SharedBaseAddress: 0x0000000800000000, ArchiveRelocationMode: 0.
Compressed class space mapped at: 0x0000000800b50000-0x0000000840b50000, size: 1073741824
Narrow klass base: 0x0000000800000000, Narrow klass shift: 3, Narrow klass range: 0x100000000

GC Precious Log:
 CPUs: 4 total, 4 available
 Memory: 7074M
 Large Page Support: Disabled
 NUMA Support: Disabled
 Compressed Oops: Enabled (32-bit)
 Heap Region Size: 1M
 Heap Min Capacity: 8M
 Heap Initial Capacity: 112M
 Heap Max Capacity: 1770M
 Pre-touch: Disabled
 Parallel Workers: 4
 Concurrent Workers: 1
 Concurrent Refinement Workers: 4
 Periodic GC: Disabled

Heap:
 garbage-first heap   total 114688K, used 4776K [0x0000000091600000, 0x0000000100000000)
  region size 1024K, 2 young (2048K), 2 survivors (2048K)
 Metaspace       used 7649K, capacity 7789K, committed 7936K, reserved 1071104K
  class space    used 864K, capacity 903K, committed 1024K, reserved 1048576K

Heap Regions: E=young(eden), S=young(survivor), O=old, HS=humongous(starts), HC=humongous(continues), CS=collection set, F=free, OA=open archive, CA=closed archive, TAMS=top-at-mark-start (previous, next)
|   0|0x0000000091600000, 0x0000000091700000, 0x0000000091700000|100%|HS|  |TAMS 0x0000000091600000, 0x0000000091700000| Complete 
|   1|0x0000000091700000, 0x0000000091800000, 0x0000000091800000|100%|HC|  |TAMS 0x0000000091700000, 0x0000000091800000| Complete 
|   2|0x0000000091800000, 0x00000000918aa200, 0x0000000091900000| 66%| O|  |TAMS 0x0000000091800000, 0x0000000091800000| Untracked 
|   3|0x0000000091900000, 0x0000000091900000, 0x0000000091a00000|  0%| F|  |TAMS 0x0000000091900000, 0x0000000091900000| Untracked 
|   4|0x0000000091a00000, 0x0000000091a00000, 0x0000000091b00000|  0%| F|  |TAMS 0x0000000091a00000, 0x0000000091a00000| Untracked 
|   5|0x0000000091b00000, 0x0000000091b00000, 0x0000000091c00000|  0%| F|  |TAMS 0x0000000091b00000, 0x0000000091b00000| Untracked 
|   6|0x0000000091c00000, 0x0000000091c00000, 0x0000000091d00000|  0%| F|  |TAMS 0x0000000091c00000, 0x0000000091c00000| Untracked 
|   7|0x0000000091d00000, 0x0000000091d00000, 0x0000000091e00000|  0%| F|  |TAMS 0x0000000091d00000, 0x0000000091d00000| Untracked 
|   8|0x0000000091e00000, 0x0000000091e00000, 0x0000000091f00000|  0%| F|  |TAMS 0x0000000091e00000, 0x0000000091e00000| Untracked 
|   9|0x0000000091f00000, 0x0000000091f00000, 0x0000000092000000|  0%| F|  |TAMS 0x0000000091f00000, 0x0000000091f00000| Untracked 
|  10|0x0000000092000000, 0x0000000092000000, 0x0000000092100000|  0%| F|  |TAMS 0x0000000092000000, 0x0000000092000000| Untracked 
|  11|0x0000000092100000, 0x0000000092100000, 0x0000000092200000|  0%| F|  |TAMS 0x0000000092100000, 0x0000000092100000| Untracked 
|  12|0x0000000092200000, 0x0000000092200000, 0x0000000092300000|  0%| F|  |TAMS 0x0000000092200000, 0x0000000092200000| Untracked 
|  13|0x0000000092300000, 0x0000000092300000, 0x0000000092400000|  0%| F|  |TAMS 0x0000000092300000, 0x0000000092300000| Untracked 
|  14|0x0000000092400000, 0x0000000092400000, 0x0000000092500000|  0%| F|  |TAMS 0x0000000092400000, 0x0000000092400000| Untracked 
|  15|0x0000000092500000, 0x0000000092500000, 0x0000000092600000|  0%| F|  |TAMS 0x0000000092500000, 0x0000000092500000| Untracked 
|  16|0x0000000092600000, 0x0000000092600000, 0x0000000092700000|  0%| F|  |TAMS 0x0000000092600000, 0x0000000092600000| Untracked 
|  17|0x0000000092700000, 0x0000000092700000, 0x0000000092800000|  0%| F|  |TAMS 0x0000000092700000, 0x0000000092700000| Untracked 
|  18|0x0000000092800000, 0x0000000092800000, 0x0000000092900000|  0%| F|  |TAMS 0x0000000092800000, 0x0000000092800000| Untracked 
|  19|0x0000000092900000, 0x0000000092900000, 0x0000000092a00000|  0%| F|  |TAMS 0x0000000092900000, 0x0000000092900000| Untracked 
|  20|0x0000000092a00000, 0x0000000092a00000, 0x0000000092b00000|  0%| F|  |TAMS 0x0000000092a00000, 0x0000000092a00000| Untracked 
|  21|0x0000000092b00000, 0x0000000092b00000, 0x0000000092c00000|  0%| F|  |TAMS 0x0000000092b00000, 0x0000000092b00000| Untracked 
|  22|0x0000000092c00000, 0x0000000092c00000, 0x0000000092d00000|  0%| F|  |TAMS 0x0000000092c00000, 0x0000000092c00000| Untracked 
|  23|0x0000000092d00000, 0x0000000092d00000, 0x0000000092e00000|  0%| F|  |TAMS 0x0000000092d00000, 0x0000000092d00000| Untracked 
|  24|0x0000000092e00000, 0x0000000092e00000, 0x0000000092f00000|  0%| F|  |TAMS 0x0000000092e00000, 0x0000000092e00000| Untracked 
|  25|0x0000000092f00000, 0x0000000092f00000, 0x0000000093000000|  0%| F|  |TAMS 0x0000000092f00000, 0x0000000092f00000| Untracked 
|  26|0x0000000093000000, 0x0000000093000000, 0x0000000093100000|  0%| F|  |TAMS 0x0000000093000000, 0x0000000093000000| Untracked 
|  27|0x0000000093100000, 0x0000000093100000, 0x0000000093200000|  0%| F|  |TAMS 0x0000000093100000, 0x0000000093100000| Untracked 
|  28|0x0000000093200000, 0x0000000093200000, 0x0000000093300000|  0%| F|  |TAMS 0x0000000093200000, 0x0000000093200000| Untracked 
|  29|0x0000000093300000, 0x0000000093300000, 0x0000000093400000|  0%| F|  |TAMS 0x0000000093300000, 0x0000000093300000| Untracked 
|  30|0x0000000093400000, 0x0000000093400000, 0x0000000093500000|  0%| F|  |TAMS 0x0000000093400000, 0x0000000093400000| Untracked 
|  31|0x0000000093500000, 0x0000000093500000, 0x0000000093600000|  0%| F|  |TAMS 0x0000000093500000, 0x0000000093500000| Untracked 
|  32|0x0000000093600000, 0x0000000093600000, 0x0000000093700000|  0%| F|  |TAMS 0x0000000093600000, 0x0000000093600000| Untracked 
|  33|0x0000000093700000, 0x0000000093700000, 0x0000000093800000|  0%| F|  |TAMS 0x0000000093700000, 0x0000000093700000| Untracked 
|  34|0x0000000093800000, 0x0000000093800000, 0x0000000093900000|  0%| F|  |TAMS 0x0000000093800000, 0x0000000093800000| Untracked 
|  35|0x0000000093900000, 0x0000000093900000, 0x0000000093a00000|  0%| F|  |TAMS 0x0000000093900000, 0x0000000093900000| Untracked 
|  36|0x0000000093a00000, 0x0000000093a00000, 0x0000000093b00000|  0%| F|  |TAMS 0x0000000093a00000, 0x0000000093a00000| Untracked 
|  37|0x0000000093b00000, 0x0000000093b00000, 0x0000000093c00000|  0%| F|  |TAMS 0x0000000093b00000, 0x0000000093b00000| Untracked 
|  38|0x0000000093c00000, 0x0000000093c00000, 0x0000000093d00000|  0%| F|  |TAMS 0x0000000093c00000, 0x0000000093c00000| Untracked 
|  39|0x0000000093d00000, 0x0000000093d00000, 0x0000000093e00000|  0%| F|  |TAMS 0x0000000093d00000, 0x0000000093d00000| Untracked 
|  40|0x0000000093e00000, 0x0000000093e00000, 0x0000000093f00000|  0%| F|  |TAMS 0x0000000093e00000, 0x0000000093e00000| Untracked 
|  41|0x0000000093f00000, 0x0000000093f00000, 0x0000000094000000|  0%| F|  |TAMS 0x0000000093f00000, 0x0000000093f00000| Untracked 
|  42|0x0000000094000000, 0x0000000094000000, 0x0000000094100000|  0%| F|  |TAMS 0x0000000094000000, 0x0000000094000000| Untracked 
|  43|0x0000000094100000, 0x0000000094100000, 0x0000000094200000|  0%| F|  |TAMS 0x0000000094100000, 0x0000000094100000| Untracked 
|  44|0x0000000094200000, 0x0000000094200000, 0x0000000094300000|  0%| F|  |TAMS 0x0000000094200000, 0x0000000094200000| Untracked 
|  45|0x0000000094300000, 0x0000000094300000, 0x0000000094400000|  0%| F|  |TAMS 0x0000000094300000, 0x0000000094300000| Untracked 
|  46|0x0000000094400000, 0x0000000094400000, 0x0000000094500000|  0%| F|  |TAMS 0x0000000094400000, 0x0000000094400000| Untracked 
|  47|0x0000000094500000, 0x0000000094500000, 0x0000000094600000|  0%| F|  |TAMS 0x0000000094500000, 0x0000000094500000| Untracked 
|  48|0x0000000094600000, 0x0000000094600000, 0x0000000094700000|  0%| F|  |TAMS 0x0000000094600000, 0x0000000094600000| Untracked 
|  49|0x0000000094700000, 0x0000000094700000, 0x0000000094800000|  0%| F|  |TAMS 0x0000000094700000, 0x0000000094700000| Untracked 
|  50|0x0000000094800000, 0x0000000094800000, 0x0000000094900000|  0%| F|  |TAMS 0x0000000094800000, 0x0000000094800000| Untracked 
|  51|0x0000000094900000, 0x0000000094900000, 0x0000000094a00000|  0%| F|  |TAMS 0x0000000094900000, 0x0000000094900000| Untracked 
|  52|0x0000000094a00000, 0x0000000094a00000, 0x0000000094b00000|  0%| F|  |TAMS 0x0000000094a00000, 0x0000000094a00000| Untracked 
|  53|0x0000000094b00000, 0x0000000094b00000, 0x0000000094c00000|  0%| F|  |TAMS 0x0000000094b00000, 0x0000000094b00000| Untracked 
|  54|0x0000000094c00000, 0x0000000094c00000, 0x0000000094d00000|  0%| F|  |TAMS 0x0000000094c00000, 0x0000000094c00000| Untracked 
|  55|0x0000000094d00000, 0x0000000094d00000, 0x0000000094e00000|  0%| F|  |TAMS 0x0000000094d00000, 0x0000000094d00000| Untracked 
|  56|0x0000000094e00000, 0x0000000094e00000, 0x0000000094f00000|  0%| F|  |TAMS 0x0000000094e00000, 0x0000000094e00000| Untracked 
|  57|0x0000000094f00000, 0x0000000094f00000, 0x0000000095000000|  0%| F|  |TAMS 0x0000000094f00000, 0x0000000094f00000| Untracked 
|  58|0x0000000095000000, 0x0000000095000000, 0x0000000095100000|  0%| F|  |TAMS 0x0000000095000000, 0x0000000095000000| Untracked 
|  59|0x0000000095100000, 0x0000000095100000, 0x0000000095200000|  0%| F|  |TAMS 0x0000000095100000, 0x0000000095100000| Untracked 
|  60|0x0000000095200000, 0x0000000095200000, 0x0000000095300000|  0%| F|  |TAMS 0x0000000095200000, 0x0000000095200000| Untracked 
|  61|0x0000000095300000, 0x0000000095300000, 0x0000000095400000|  0%| F|  |TAMS 0x0000000095300000, 0x0000000095300000| Untracked 
|  62|0x0000000095400000, 0x0000000095400000, 0x0000000095500000|  0%| F|  |TAMS 0x0000000095400000, 0x0000000095400000| Untracked 
|  63|0x0000000095500000, 0x0000000095500000, 0x0000000095600000|  0%| F|  |TAMS 0x0000000095500000, 0x0000000095500000| Untracked 
|  64|0x0000000095600000, 0x0000000095600000, 0x0000000095700000|  0%| F|  |TAMS 0x0000000095600000, 0x0000000095600000| Untracked 
|  65|0x0000000095700000, 0x0000000095700000, 0x0000000095800000|  0%| F|  |TAMS 0x0000000095700000, 0x0000000095700000| Untracked 
|  66|0x0000000095800000, 0x0000000095800000, 0x0000000095900000|  0%| F|  |TAMS 0x0000000095800000, 0x0000000095800000| Untracked 
|  67|0x0000000095900000, 0x0000000095900000, 0x0000000095a00000|  0%| F|  |TAMS 0x0000000095900000, 0x0000000095900000| Untracked 
|  68|0x0000000095a00000, 0x0000000095a00000, 0x0000000095b00000|  0%| F|  |TAMS 0x0000000095a00000, 0x0000000095a00000| Untracked 
|  69|0x0000000095b00000, 0x0000000095b00000, 0x0000000095c00000|  0%| F|  |TAMS 0x0000000095b00000, 0x0000000095b00000| Untracked 
|  70|0x0000000095c00000, 0x0000000095c00000, 0x0000000095d00000|  0%| F|  |TAMS 0x0000000095c00000, 0x0000000095c00000| Untracked 
|  71|0x0000000095d00000, 0x0000000095d00000, 0x0000000095e00000|  0%| F|  |TAMS 0x0000000095d00000, 0x0000000095d00000| Untracked 
|  72|0x0000000095e00000, 0x0000000095e00000, 0x0000000095f00000|  0%| F|  |TAMS 0x0000000095e00000, 0x0000000095e00000| Untracked 
|  73|0x0000000095f00000, 0x0000000095f00000, 0x0000000096000000|  0%| F|  |TAMS 0x0000000095f00000, 0x0000000095f00000| Untracked 
|  74|0x0000000096000000, 0x0000000096000000, 0x0000000096100000|  0%| F|  |TAMS 0x0000000096000000, 0x0000000096000000| Untracked 
|  75|0x0000000096100000, 0x0000000096100000, 0x0000000096200000|  0%| F|  |TAMS 0x0000000096100000, 0x0000000096100000| Untracked 
|  76|0x0000000096200000, 0x0000000096200000, 0x0000000096300000|  0%| F|  |TAMS 0x0000000096200000, 0x0000000096200000| Untracked 
|  77|0x0000000096300000, 0x0000000096300000, 0x0000000096400000|  0%| F|  |TAMS 0x0000000096300000, 0x0000000096300000| Untracked 
|  78|0x0000000096400000, 0x0000000096400000, 0x0000000096500000|  0%| F|  |TAMS 0x0000000096400000, 0x0000000096400000| Untracked 
|  79|0x0000000096500000, 0x0000000096500000, 0x0000000096600000|  0%| F|  |TAMS 0x0000000096500000, 0x0000000096500000| Untracked 
|  80|0x0000000096600000, 0x0000000096600000, 0x0000000096700000|  0%| F|  |TAMS 0x0000000096600000, 0x0000000096600000| Untracked 
|  81|0x0000000096700000, 0x0000000096700000, 0x0000000096800000|  0%| F|  |TAMS 0x0000000096700000, 0x0000000096700000| Untracked 
|  82|0x0000000096800000, 0x0000000096800000, 0x0000000096900000|  0%| F|  |TAMS 0x0000000096800000, 0x0000000096800000| Untracked 
|  83|0x0000000096900000, 0x0000000096900000, 0x0000000096a00000|  0%| F|  |TAMS 0x0000000096900000, 0x0000000096900000| Untracked 
|  84|0x0000000096a00000, 0x0000000096a00000, 0x0000000096b00000|  0%| F|  |TAMS 0x0000000096a00000, 0x0000000096a00000| Untracked 
|  85|0x0000000096b00000, 0x0000000096b00000, 0x0000000096c00000|  0%| F|  |TAMS 0x0000000096b00000, 0x0000000096b00000| Untracked 
|  86|0x0000000096c00000, 0x0000000096c00000, 0x0000000096d00000|  0%| F|  |TAMS 0x0000000096c00000, 0x0000000096c00000| Untracked 
|  87|0x0000000096d00000, 0x0000000096d00000, 0x0000000096e00000|  0%| F|  |TAMS 0x0000000096d00000, 0x0000000096d00000| Untracked 
|  88|0x0000000096e00000, 0x0000000096e00000, 0x0000000096f00000|  0%| F|  |TAMS 0x0000000096e00000, 0x0000000096e00000| Untracked 
|  89|0x0000000096f00000, 0x0000000096f00000, 0x0000000097000000|  0%| F|  |TAMS 0x0000000096f00000, 0x0000000096f00000| Untracked 
|  90|0x0000000097000000, 0x0000000097000000, 0x0000000097100000|  0%| F|  |TAMS 0x0000000097000000, 0x0000000097000000| Untracked 
|  91|0x0000000097100000, 0x0000000097100000, 0x0000000097200000|  0%| F|  |TAMS 0x0000000097100000, 0x0000000097100000| Untracked 
|  92|0x0000000097200000, 0x0000000097200000, 0x0000000097300000|  0%| F|  |TAMS 0x0000000097200000, 0x0000000097200000| Untracked 
|  93|0x0000000097300000, 0x0000000097300000, 0x0000000097400000|  0%| F|  |TAMS 0x0000000097300000, 0x0000000097300000| Untracked 
|  94|0x0000000097400000, 0x0000000097400000, 0x0000000097500000|  0%| F|  |TAMS 0x0000000097400000, 0x0000000097400000| Untracked 
|  95|0x0000000097500000, 0x0000000097500000, 0x0000000097600000|  0%| F|  |TAMS 0x0000000097500000, 0x0000000097500000| Untracked 
|  96|0x0000000097600000, 0x0000000097600000, 0x0000000097700000|  0%| F|  |TAMS 0x0000000097600000, 0x0000000097600000| Untracked 
|  97|0x0000000097700000, 0x0000000097700000, 0x0000000097800000|  0%| F|  |TAMS 0x0000000097700000, 0x0000000097700000| Untracked 
|  98|0x0000000097800000, 0x0000000097800000, 0x0000000097900000|  0%| F|  |TAMS 0x0000000097800000, 0x0000000097800000| Untracked 
|  99|0x0000000097900000, 0x0000000097a00000, 0x0000000097a00000|100%| S|CS|TAMS 0x0000000097900000, 0x0000000097900000| Complete 
| 100|0x0000000097a00000, 0x0000000097b00000, 0x0000000097b00000|100%| S|CS|TAMS 0x0000000097a00000, 0x0000000097a00000| Complete 
| 101|0x0000000097b00000, 0x0000000097b00000, 0x0000000097c00000|  0%| F|  |TAMS 0x0000000097b00000, 0x0000000097b00000| Untracked 
| 102|0x0000000097c00000, 0x0000000097c00000, 0x0000000097d00000|  0%| F|  |TAMS 0x0000000097c00000, 0x0000000097c00000| Untracked 
| 103|0x0000000097d00000, 0x0000000097d00000, 0x0000000097e00000|  0%| F|  |TAMS 0x0000000097d00000, 0x0000000097d00000| Untracked 
| 104|0x0000000097e00000, 0x0000000097e00000, 0x0000000097f00000|  0%| F|  |TAMS 0x0000000097e00000, 0x0000000097e00000| Untracked 
| 105|0x0000000097f00000, 0x0000000097f00000, 0x0000000098000000|  0%| F|  |TAMS 0x0000000097f00000, 0x0000000097f00000| Untracked 
| 106|0x0000000098000000, 0x0000000098000000, 0x0000000098100000|  0%| F|  |TAMS 0x0000000098000000, 0x0000000098000000| Untracked 
| 107|0x0000000098100000, 0x0000000098100000, 0x0000000098200000|  0%| F|  |TAMS 0x0000000098100000, 0x0000000098100000| Untracked 
| 108|0x0000000098200000, 0x0000000098200000, 0x0000000098300000|  0%| F|  |TAMS 0x0000000098200000, 0x0000000098200000| Untracked 
| 109|0x0000000098300000, 0x0000000098300000, 0x0000000098400000|  0%| F|  |TAMS 0x0000000098300000, 0x0000000098300000| Untracked 
| 110|0x0000000098400000, 0x0000000098400000, 0x0000000098500000|  0%| F|  |TAMS 0x0000000098400000, 0x0000000098400000| Untracked 
| 111|0x0000000098500000, 0x0000000098500000, 0x0000000098600000|  0%| F|  |TAMS 0x0000000098500000, 0x0000000098500000| Untracked 

Card table byte_map: [0x000002158f000000,0x000002158f380000] _byte_map_base: 0x000002158eb75000

Marking Bits (Prev, Next): (CMBitMap*) 0x00000215f7a5e5f0, (CMBitMap*) 0x00000215f7a5e630
 Prev Bits: [0x000002158f700000, 0x00000215912a8000)
 Next Bits: [0x00000215912b0000, 0x0000021592e58000)

Polling page: 0x00000215f5970000

Metaspace:

Usage:
  Non-class:      6.72 MB capacity,     6.63 MB ( 99%) used,    88.92 KB (  1%) free+waste,    11.31 KB ( <1%) overhead. 
      Class:    903.00 KB capacity,   864.04 KB ( 96%) used,    33.96 KB (  4%) free+waste,     5.00 KB ( <1%) overhead. 
       Both:      7.61 MB capacity,     7.47 MB ( 98%) used,   122.88 KB (  2%) free+waste,    16.31 KB ( <1%) overhead. 

Virtual space:
  Non-class space:       22.00 MB reserved,       6.75 MB ( 31%) committed 
      Class space:        1.00 GB reserved,       1.00 MB ( <1%) committed 
             Both:        1.02 GB reserved,       7.75 MB ( <1%) committed 

Chunk freelists:
   Non-Class:  26.00 KB
       Class:  25.00 KB
        Both:  51.00 KB

MaxMetaspaceSize: 17179869184.00 GB
CompressedClassSpaceSize: 1.00 GB

CodeHeap 'non-profiled nmethods': size=120000Kb used=283Kb max_used=283Kb free=119716Kb
 bounds [0x0000021587ad0000, 0x0000021587d40000, 0x000002158f000000]
CodeHeap 'profiled nmethods': size=120000Kb used=1404Kb max_used=1404Kb free=118595Kb
 bounds [0x00000215805a0000, 0x0000021580810000, 0x0000021587ad0000]
CodeHeap 'non-nmethods': size=5760Kb used=1273Kb max_used=1285Kb free=4486Kb
 bounds [0x0000021580000000, 0x0000021580270000, 0x00000215805a0000]
 total_blobs=1488 nmethods=926 adapters=476
 compilation: enabled
              stopped_count=0, restarted_count=0
 full_count=0

Compilation events (20 events):
Event: 1.605 Thread 0x0000021595337d80  894       4       java.lang.StringLatin1::charAt (28 bytes)
Event: 1.606 Thread 0x0000021595337d80 nmethod 894 0x0000021587b15f90 code [0x0000021587b16120, 0x0000021587b161b8]
Event: 1.606 Thread 0x0000021595337d80  890       4       jdk.internal.org.objectweb.asm.ByteVector::putByte (39 bytes)
Event: 1.608 Thread 0x0000021595337d80 nmethod 890 0x0000021587b16290 code [0x0000021587b16420, 0x0000021587b16548]
Event: 2.020 Thread 0x0000021595346530  920       1       java.util.EventObject::getSource (5 bytes)
Event: 2.021 Thread 0x0000021595346530 nmethod 920 0x0000021587b16690 code [0x0000021587b16820, 0x0000021587b168d8]
Event: 2.021 Thread 0x0000021595346530  921       1       java.awt.AWTEvent::getID (5 bytes)
Event: 2.021 Thread 0x0000021595346530 nmethod 921 0x0000021587b16990 code [0x0000021587b16b20, 0x0000021587b16bd8]
Event: 2.023 Thread 0x0000021595346530  922       3       java.util.ArrayList$Itr::next (66 bytes)
Event: 2.024 Thread 0x0000021595346530 nmethod 922 0x00000215806fcb90 code [0x00000215806fcd80, 0x00000215806fd148]
Event: 2.177 Thread 0x0000021595346530  923       3       java.lang.invoke.BoundMethodHandle::rebind (14 bytes)
Event: 2.177 Thread 0x0000021595346530 nmethod 923 0x00000215806fd310 code [0x00000215806fd500, 0x00000215806fda68]
Event: 2.177 Thread 0x0000021595346530  924       3       java.lang.invoke.BoundMethodHandle::tooComplex (27 bytes)
Event: 2.178 Thread 0x0000021595346530 nmethod 924 0x00000215806fdc90 code [0x00000215806fde60, 0x00000215806fe2d8]
Event: 2.178 Thread 0x0000021595346530  925       3       java.lang.invoke.BoundMethodHandle::fieldCount (8 bytes)
Event: 2.178 Thread 0x0000021595346530 nmethod 925 0x00000215806fe490 code [0x00000215806fe640, 0x00000215806fe938]
Event: 2.178 Thread 0x0000021595346530  926       3       java.lang.invoke.LambdaForm::expressionCount (11 bytes)
Event: 2.178 Thread 0x0000021595346530 nmethod 926 0x00000215806fea90 code [0x00000215806fec20, 0x00000215806fed38]
Event: 2.188 Thread 0x0000021595346530  927       3       java.lang.ref.PhantomReference::<init> (7 bytes)
Event: 2.189 Thread 0x0000021595346530 nmethod 927 0x00000215806fee10 code [0x00000215806fefc0, 0x00000215806ff298]

GC Heap History (2 events):
Event: 2.190 GC heap before
{Heap before GC invocations=0 (full 0):
 garbage-first heap   total 114688K, used 12288K [0x0000000091600000, 0x0000000100000000)
  region size 1024K, 11 young (11264K), 0 survivors (0K)
 Metaspace       used 7649K, capacity 7789K, committed 7936K, reserved 1069056K
  class space    used 864K, capacity 903K, committed 1024K, reserved 1048576K
}
Event: 2.201 GC heap after
{Heap after GC invocations=1 (full 0):
 garbage-first heap   total 114688K, used 4776K [0x0000000091600000, 0x0000000100000000)
  region size 1024K, 2 young (2048K), 2 survivors (2048K)
 Metaspace       used 7649K, capacity 7789K, committed 7936K, reserved 1069056K
  class space    used 864K, capacity 903K, committed 1024K, reserved 1048576K
}

Deoptimization events (20 events):
Event: 1.089 Thread 0x0000021595fe8550 Uncommon trap: trap_request=0xffffffde fr.pc=0x0000021587aebccc relative=0x0000000000000a4c
Event: 1.089 Thread 0x0000021595fe8550 Uncommon trap: reason=class_check action=maybe_recompile pc=0x0000021587aebccc method=java.util.HashMap.putVal(ILjava/lang/Object;Ljava/lang/Object;ZZ)Ljava/lang/Object; @ 91 c2
Event: 1.089 Thread 0x0000021595fe8550 DEOPT PACKING pc=0x0000021587aebccc sp=0x000000179dffdde0
Event: 1.089 Thread 0x0000021595fe8550 DEOPT UNPACKING pc=0x000002158004e12f sp=0x000000179dffdd70 mode 2
Event: 1.089 Thread 0x0000021595fe8550 Uncommon trap: trap_request=0xffffffde fr.pc=0x0000021587aebe10 relative=0x0000000000000b90
Event: 1.089 Thread 0x0000021595fe8550 Uncommon trap: reason=class_check action=maybe_recompile pc=0x0000021587aebe10 method=java.util.HashMap.putVal(ILjava/lang/Object;Ljava/lang/Object;ZZ)Ljava/lang/Object; @ 203 c2
Event: 1.089 Thread 0x0000021595fe8550 DEOPT PACKING pc=0x0000021587aebe10 sp=0x000000179dffdde0
Event: 1.089 Thread 0x0000021595fe8550 DEOPT UNPACKING pc=0x000002158004e12f sp=0x000000179dffdd70 mode 2
Event: 1.089 Thread 0x0000021595fe8550 Uncommon trap: trap_request=0xffffffde fr.pc=0x0000021587aebe10 relative=0x0000000000000b90
Event: 1.089 Thread 0x0000021595fe8550 Uncommon trap: reason=class_check action=maybe_recompile pc=0x0000021587aebe10 method=java.util.HashMap.putVal(ILjava/lang/Object;Ljava/lang/Object;ZZ)Ljava/lang/Object; @ 203 c2
Event: 1.089 Thread 0x0000021595fe8550 DEOPT PACKING pc=0x0000021587aebe10 sp=0x000000179dffdde0
Event: 1.089 Thread 0x0000021595fe8550 DEOPT UNPACKING pc=0x000002158004e12f sp=0x000000179dffdd70 mode 2
Event: 1.193 Thread 0x00000215f7a205a0 Uncommon trap: trap_request=0xffffff45 fr.pc=0x0000021587ad63d8 relative=0x0000000000000058
Event: 1.193 Thread 0x00000215f7a205a0 Uncommon trap: reason=unstable_if action=reinterpret pc=0x0000021587ad63d8 method=java.lang.String.isLatin1()Z @ 10 c2
Event: 1.193 Thread 0x00000215f7a205a0 DEOPT PACKING pc=0x0000021587ad63d8 sp=0x000000179cbfcfd0
Event: 1.193 Thread 0x00000215f7a205a0 DEOPT UNPACKING pc=0x000002158004e12f sp=0x000000179cbfcf60 mode 2
Event: 1.533 Thread 0x0000021596411b60 Uncommon trap: trap_request=0xffffff45 fr.pc=0x0000021587adfb44 relative=0x0000000000000044
Event: 1.533 Thread 0x0000021596411b60 Uncommon trap: reason=unstable_if action=reinterpret pc=0x0000021587adfb44 method=java.lang.CharacterData.of(I)Ljava/lang/CharacterData; @ 4 c2
Event: 1.533 Thread 0x0000021596411b60 DEOPT PACKING pc=0x0000021587adfb44 sp=0x000000179eafe500
Event: 1.533 Thread 0x0000021596411b60 DEOPT UNPACKING pc=0x000002158004e12f sp=0x000000179eafe4a0 mode 2

Classes unloaded (0 events):
No events

Classes redefined (0 events):
No events

Internal exceptions (18 events):
Event: 0.354 Thread 0x00000215f7a205a0 Exception <a 'java/lang/NoSuchMethodError'{0x00000000983357c8}: 'void java.lang.invoke.DirectMethodHandle$Holder.invokeSpecial(java.lang.Object, java.lang.Object, java.lang.Object)'> (0x00000000983357c8) 
thrown [./open/src/hotspot/share/interpreter/linkResolver.cpp, line 782]
Event: 0.371 Thread 0x00000215f7a205a0 Exception <a 'java/lang/NoSuchMethodError'{0x000000009834d878}: 'void java.lang.invoke.DirectMethodHandle$Holder.invokeSpecial(java.lang.Object, java.lang.Object, java.lang.Object, java.lang.Object, java.lang.Object)'> (0x000000009834d878) 
thrown [./open/src/hotspot/share/interpreter/linkResolver.cpp, line 782]
Event: 0.379 Thread 0x00000215f7a205a0 Exception <a 'java/lang/NoSuchMethodError'{0x00000000983608b8}: 'java.lang.Object java.lang.invoke.DirectMethodHandle$Holder.invokeInterface(java.lang.Object, java.lang.Object)'> (0x00000000983608b8) 
thrown [./open/src/hotspot/share/interpreter/linkResolver.cpp, line 782]
Event: 0.380 Thread 0x00000215f7a205a0 Exception <a 'java/lang/IncompatibleClassChangeError'{0x0000000098364008}: Found class java.lang.Object, but interface was expected> (0x0000000098364008) 
thrown [./open/src/hotspot/share/interpreter/linkResolver.cpp, line 848]
Event: 0.382 Thread 0x00000215f7a205a0 Exception <a 'java/lang/NoSuchMethodError'{0x0000000098367000}: 'void java.lang.invoke.DirectMethodHandle$Holder.invokeStatic(java.lang.Object, java.lang.Object, java.lang.Object, java.lang.Object)'> (0x0000000098367000) 
thrown [./open/src/hotspot/share/interpreter/linkResolver.cpp, line 782]
Event: 0.511 Thread 0x00000215f7a205a0 Exception <a 'java/lang/ClassNotFoundException'{0x000000009823a000}: sun/awt/resources/spi/awtProvider> (0x000000009823a000) 
thrown [./open/src/hotspot/share/classfile/systemDictionary.cpp, line 295]
Event: 0.578 Thread 0x00000215f7a205a0 Exception <a 'java/io/FileNotFoundException'{0x000000009828f130}> (0x000000009828f130) 
thrown [./open/src/hotspot/share/prims/jni.cpp, line 578]
Event: 0.603 Thread 0x00000215f7a205a0 Exception <a 'java/io/FileNotFoundException'{0x00000000982bd940}> (0x00000000982bd940) 
thrown [./open/src/hotspot/share/prims/jni.cpp, line 578]
Event: 0.604 Thread 0x00000215f7a205a0 Exception <a 'java/lang/NoSuchMethodError'{0x00000000982bea38}: 'java.lang.Object java.lang.invoke.DirectMethodHandle$Holder.invokeStatic(java.lang.Object)'> (0x00000000982bea38) 
thrown [./open/src/hotspot/share/interpreter/linkResolver.cpp, line 782]
Event: 0.705 Thread 0x00000215f7a205a0 Exception <a 'java/lang/NoSuchMethodError'{0x0000000098103c90}: 'java.lang.Object java.lang.invoke.DirectMethodHandle$Holder.invokeStaticInit(java.lang.Object)'> (0x0000000098103c90) 
thrown [./open/src/hotspot/share/interpreter/linkResolver.cpp, line 782]
Event: 0.941 Thread 0x00000215f7a205a0 Exception <a 'java/lang/NoSuchMethodError'{0x00000000981b82f0}: 'java.lang.Object java.lang.invoke.DirectMethodHandle$Holder.newInvokeSpecial(java.lang.Object, java.lang.Object, java.lang.Object, java.lang.Object, java.lang.Object)'> (0x00000000981b82f0) 
thrown [./open/src/hotspot/share/interpreter/linkResolver.cpp, line 782]
Event: 0.946 Thread 0x00000215f7a205a0 Exception <a 'java/lang/NoSuchMethodError'{0x00000000981c3d80}: 'java.lang.Object java.lang.invoke.DirectMethodHandle$Holder.invokeStatic(java.lang.Object, int, java.lang.Object, java.lang.Object, java.lang.Object, java.lang.Object)'> (0x00000000981c3d80) 
thrown [./open/src/hotspot/share/interpreter/linkResolver.cpp, line 782]
Event: 0.964 Thread 0x00000215f7a205a0 Exception <a 'java/lang/NoSuchMethodError'{0x00000000981ea2d8}: 'java.lang.Object java.lang.invoke.DirectMethodHandle$Holder.invokeStatic(java.lang.Object, int, java.lang.Object)'> (0x00000000981ea2d8) 
thrown [./open/src/hotspot/share/interpreter/linkResolver.cpp, line 782]
Event: 1.057 Thread 0x00000215f7a205a0 Exception <a 'java/lang/ClassNotFoundException'{0x00000000980a22d0}: com/sun/swing/internal/plaf/metal/resources/spi/metalProvider> (0x00000000980a22d0) 
thrown [./open/src/hotspot/share/classfile/systemDictionary.cpp, line 295]
Event: 1.060 Thread 0x00000215f7a205a0 Exception <a 'java/lang/ClassNotFoundException'{0x00000000980a6590}: com/sun/swing/internal/plaf/basic/resources/spi/basicProvider> (0x00000000980a6590) 
thrown [./open/src/hotspot/share/classfile/systemDictionary.cpp, line 295]
Event: 1.074 Thread 0x00000215f7a205a0 Implicit null exception at 0x0000021587aece3e to 0x0000021587aedaa4
Event: 1.150 Thread 0x00000215f7a205a0 Exception <a 'java/lang/NoSuchMethodError'{0x00000000980e2ec0}: 'void java.lang.invoke.DirectMethodHandle$Holder.invokeStaticInit(java.lang.Object)'> (0x00000000980e2ec0) 
thrown [./open/src/hotspot/share/interpreter/linkResolver.cpp, line 782]
Event: 1.549 Thread 0x0000021596411b60 Exception <a 'java/lang/NoSuchMethodError'{0x0000000097d66a90}: 'java.lang.Object java.lang.invoke.DirectMethodHandle$Holder.newInvokeSpecial(java.lang.Object, java.lang.Object, java.lang.Object, int, int, int, int, int)'> (0x0000000097d66a90) 
thrown [./open/src/hotspot/share/interpreter/linkResolver.cpp, line 782]

Events (20 events):
Event: 2.186 loading class sun/datatransfer/DataFlavorUtil
Event: 2.186 loading class sun/datatransfer/DataFlavorUtil done
Event: 2.186 loading class sun/datatransfer/DataFlavorUtil$DefaultDesktopDatatransferService
Event: 2.186 loading class sun/datatransfer/DesktopDatatransferService
Event: 2.186 loading class sun/datatransfer/DesktopDatatransferService done
Event: 2.186 loading class sun/datatransfer/DataFlavorUtil$DefaultDesktopDatatransferService done
Event: 2.186 loading class sun/awt/datatransfer/DesktopDatatransferServiceImpl
Event: 2.187 loading class sun/awt/datatransfer/DesktopDatatransferServiceImpl done
Event: 2.187 loading class java/awt/datatransfer/DataFlavor
Event: 2.187 loading class java/io/Externalizable
Event: 2.187 loading class java/io/Externalizable done
Event: 2.187 loading class java/awt/datatransfer/DataFlavor done
Event: 2.188 loading class java/awt/datatransfer/SystemFlavorMap$SoftCache
Event: 2.189 loading class java/awt/datatransfer/SystemFlavorMap$SoftCache done
Event: 2.189 loading class javax/swing/TransferHandler$DropHandler
Event: 2.189 loading class javax/swing/TransferHandler$DropHandler done
Event: 2.189 loading class javax/swing/TransferHandler$TransferSupport
Event: 2.189 loading class javax/swing/TransferHandler$TransferSupport done
Event: 2.190 loading class javax/swing/text/PlainDocument
Event: 2.190 Executing VM operation: CollectForMetadataAllocation


Dynamic libraries:
0x00007ff677d10000 - 0x00007ff677d1f000 	C:\Program Files\Java\jdk-15.0.1\bin\javaw.exe
0x00007fffe8a60000 - 0x00007fffe8c50000 	C:\WINDOWS\SYSTEM32\ntdll.dll
0x00007fffe6b10000 - 0x00007fffe6bc2000 	C:\WINDOWS\System32\KERNEL32.DLL
0x00007fffe5ec0000 - 0x00007fffe6165000 	C:\WINDOWS\System32\KERNELBASE.dll
0x00007fffe59e0000 - 0x00007fffe5ada000 	C:\WINDOWS\System32\ucrtbase.dll
0x00007fff95e00000 - 0x00007fff95e19000 	C:\Program Files\Java\jdk-15.0.1\bin\VCRUNTIME140.dll
0x00007fff8e5b0000 - 0x00007fff8e5c8000 	C:\Program Files\Java\jdk-15.0.1\bin\jli.dll
0x00007fffe80e0000 - 0x00007fffe8183000 	C:\WINDOWS\System32\ADVAPI32.dll
0x00007fffe7fc0000 - 0x00007fffe805e000 	C:\WINDOWS\System32\msvcrt.dll
0x00007fffe6d30000 - 0x00007fffe6dc7000 	C:\WINDOWS\System32\sechost.dll
0x00007fffe8660000 - 0x00007fffe877f000 	C:\WINDOWS\System32\RPCRT4.dll
0x00007fffe8820000 - 0x00007fffe89b4000 	C:\WINDOWS\System32\USER32.dll
0x00007fffe5b90000 - 0x00007fffe5bb1000 	C:\WINDOWS\System32\win32u.dll
0x00007fffe8630000 - 0x00007fffe8656000 	C:\WINDOWS\System32\GDI32.dll
0x00007fffe6970000 - 0x00007fffe6b08000 	C:\WINDOWS\System32\gdi32full.dll
0x00007fffe5c80000 - 0x00007fffe5d1e000 	C:\WINDOWS\System32\msvcp_win.dll
0x00007fffc8610000 - 0x00007fffc8894000 	C:\WINDOWS\WinSxS\amd64_microsoft.windows.common-controls_6595b64144ccf1df_6.0.18362.1316_none_9e7a364fe461dbd7\COMCTL32.dll
0x00007fffe81b0000 - 0x00007fffe84e7000 	C:\WINDOWS\System32\combase.dll
0x00007fffe0090000 - 0x00007fffe009a000 	C:\WINDOWS\SYSTEM32\VERSION.dll
0x00007fffe5bc0000 - 0x00007fffe5c41000 	C:\WINDOWS\System32\bcryptPrimitives.dll
0x00007fffe87f0000 - 0x00007fffe881e000 	C:\WINDOWS\System32\IMM32.DLL
0x00007fffbfc00000 - 0x00007fffbfc0c000 	C:\Program Files\Java\jdk-15.0.1\bin\vcruntime140_1.dll
0x00007fff85a70000 - 0x00007fff85b01000 	C:\Program Files\Java\jdk-15.0.1\bin\msvcp140.dll
0x00007fff66600000 - 0x00007fff6715e000 	C:\Program Files\Java\jdk-15.0.1\bin\server\jvm.dll
0x00007fffe80d0000 - 0x00007fffe80d8000 	C:\WINDOWS\System32\PSAPI.DLL
0x00007fffc0300000 - 0x00007fffc0309000 	C:\WINDOWS\SYSTEM32\WSOCK32.dll
0x00007fffe0950000 - 0x00007fffe0974000 	C:\WINDOWS\SYSTEM32\WINMM.dll
0x00007fffe8060000 - 0x00007fffe80cf000 	C:\WINDOWS\System32\WS2_32.dll
0x00007fffe0920000 - 0x00007fffe094d000 	C:\WINDOWS\SYSTEM32\winmmbase.dll
0x00007fffe5e70000 - 0x00007fffe5eba000 	C:\WINDOWS\System32\cfgmgr32.dll
0x00007fffe5920000 - 0x00007fffe5931000 	C:\WINDOWS\System32\kernel.appcore.dll
0x00007fffbf9a0000 - 0x00007fffbf9aa000 	C:\Program Files\Java\jdk-15.0.1\bin\jimage.dll
0x00007fffe4210000 - 0x00007fffe4404000 	C:\WINDOWS\SYSTEM32\DBGHELP.DLL
0x00007fffdc0e0000 - 0x00007fffdc10a000 	C:\WINDOWS\SYSTEM32\dbgcore.DLL
0x00007fff8cdc0000 - 0x00007fff8cde5000 	C:\Program Files\Java\jdk-15.0.1\bin\java.dll
0x00007fffe7250000 - 0x00007fffe7938000 	C:\WINDOWS\System32\SHELL32.dll
0x00007fffe7e90000 - 0x00007fffe7f37000 	C:\WINDOWS\System32\shcore.dll
0x00007fffe6170000 - 0x00007fffe68eb000 	C:\WINDOWS\System32\windows.storage.dll
0x00007fffe5990000 - 0x00007fffe59b3000 	C:\WINDOWS\System32\profapi.dll
0x00007fffe5940000 - 0x00007fffe598a000 	C:\WINDOWS\System32\powrprof.dll
0x00007fffe5910000 - 0x00007fffe5920000 	C:\WINDOWS\System32\UMPDC.dll
0x00007fffe6f80000 - 0x00007fffe6fd2000 	C:\WINDOWS\System32\shlwapi.dll
0x00007fffe68f0000 - 0x00007fffe6907000 	C:\WINDOWS\System32\cryptsp.dll
0x00007fff8e4b0000 - 0x00007fff8e4c9000 	C:\Program Files\Java\jdk-15.0.1\bin\net.dll
0x00007fffe0810000 - 0x00007fffe0900000 	C:\WINDOWS\SYSTEM32\WINHTTP.dll
0x00007fffe50f0000 - 0x00007fffe5157000 	C:\WINDOWS\system32\mswsock.dll
0x00007fff8c410000 - 0x00007fff8c422000 	C:\Program Files\Java\jdk-15.0.1\bin\nio.dll
0x00007fff8b440000 - 0x00007fff8b458000 	C:\Program Files\Java\jdk-15.0.1\bin\zip.dll
0x00007fff84320000 - 0x00007fff844a0000 	C:\Program Files\Java\jdk-15.0.1\bin\awt.dll
0x00007fffe6e50000 - 0x00007fffe6f15000 	C:\WINDOWS\System32\OLEAUT32.dll
0x00007fffe3a10000 - 0x00007fffe3a9f000 	C:\WINDOWS\SYSTEM32\apphelp.dll
0x00007fffe3d90000 - 0x00007fffe3dbd000 	C:\WINDOWS\system32\DWMAPI.DLL
0x00007fffe3bb0000 - 0x00007fffe3c49000 	C:\WINDOWS\system32\uxtheme.dll
0x00007fffb47c0000 - 0x00007fffb4916000 	C:\WINDOWS\system32\opengl32.dll
0x00007fffbe8c0000 - 0x00007fffbe8ec000 	C:\WINDOWS\SYSTEM32\GLU32.dll
0x00007fffe4550000 - 0x00007fffe4570000 	C:\WINDOWS\SYSTEM32\dxcore.dll
0x00007fffe84f0000 - 0x00007fffe8625000 	C:\WINDOWS\System32\MSCTF.dll
0x00007fffe6bd0000 - 0x00007fffe6d27000 	C:\WINDOWS\System32\ole32.dll
0x00007fff82970000 - 0x00007fff82b37000 	C:\WINDOWS\system32\d3d9.dll
0x00007fffcabf0000 - 0x00007fffcad67000 	C:\WINDOWS\SYSTEM32\aticfx64.dll
0x00007fffd9360000 - 0x00007fffd9389000 	C:\WINDOWS\SYSTEM32\atiu9p64.dll
0x00007fff76770000 - 0x00007fff76fde000 	C:\WINDOWS\SYSTEM32\atiumd64.dll
0x0000000059e80000 - 0x000000005a867000 	C:\WINDOWS\SYSTEM32\atiumd6a.dll
0x00007fff94f60000 - 0x00007fff94fe5000 	C:\Program Files\Java\jdk-15.0.1\bin\freetype.dll
0x00007fff87040000 - 0x00007fff870e9000 	C:\Program Files\Java\jdk-15.0.1\bin\fontmanager.dll
0x00007fffd8ca0000 - 0x00007fffd8d3d000 	C:\WINDOWS\System32\TextInputFramework.dll
0x00007fffdcea0000 - 0x00007fffdd1ca000 	C:\WINDOWS\System32\CoreUIComponents.dll
0x00007fffe2810000 - 0x00007fffe28e4000 	C:\WINDOWS\System32\CoreMessaging.dll
0x00007fffe4950000 - 0x00007fffe4981000 	C:\WINDOWS\SYSTEM32\ntmarta.dll
0x00007fffe1210000 - 0x00007fffe1362000 	C:\WINDOWS\SYSTEM32\wintypes.dll
0x00007fffcb3a0000 - 0x00007fffcb3cd000 	C:\Program Files\Java\jdk-15.0.1\bin\javajpeg.dll
0x00007fffcbbd0000 - 0x00007fffcbe77000 	C:\WINDOWS\System32\iertutil.dll

dbghelp: loaded successfully - version: 4.0.5 - missing functions: none
symbol engine: initialized successfully - sym options: 0x614 - pdb path: .;C:\Program Files\Java\jdk-15.0.1\bin;C:\WINDOWS\SYSTEM32;C:\WINDOWS\WinSxS\amd64_microsoft.windows.common-controls_6595b64144ccf1df_6.0.18362.1316_none_9e7a364fe461dbd7;C:\Program Files\Java\jdk-15.0.1\bin\server

VM Arguments:
jvm_args: -Dfile.encoding=Cp1252 --module-path=D:\mysql-connector-java-8.0.23\mysql-connector-java-8.0.23.jar -XX:+ShowCodeDetailsInExceptionMessages 
java_command: Employee.Update_Employee
java_class_path (initial): C:\Users\Ramashanker\eclipse-workspace\Employee Management System\bin
Launcher Type: SUN_STANDARD

[Global flags]
     intx CICompilerCount                          = 3                                         {product} {ergonomic}
     uint ConcGCThreads                            = 1                                         {product} {ergonomic}
     uint G1ConcRefinementThreads                  = 4                                         {product} {ergonomic}
   size_t G1HeapRegionSize                         = 1048576                                   {product} {ergonomic}
    uintx GCDrainStackTargetSize                   = 64                                        {product} {ergonomic}
   size_t InitialHeapSize                          = 117440512                                 {product} {ergonomic}
   size_t MarkStackSize                            = 4194304                                   {product} {ergonomic}
   size_t MaxHeapSize                              = 1855979520                                {product} {ergonomic}
   size_t MaxNewSize                               = 1113587712                                {product} {ergonomic}
   size_t MinHeapDeltaBytes                        = 1048576                                   {product} {ergonomic}
   size_t MinHeapSize                              = 8388608                                   {product} {ergonomic}
    uintx NonNMethodCodeHeapSize                   = 5832780                                {pd product} {ergonomic}
    uintx NonProfiledCodeHeapSize                  = 122912730                              {pd product} {ergonomic}
    uintx ProfiledCodeHeapSize                     = 122912730                              {pd product} {ergonomic}
    uintx ReservedCodeCacheSize                    = 251658240                              {pd product} {ergonomic}
     bool SegmentedCodeCache                       = true                                      {product} {ergonomic}
     bool ShowCodeDetailsInExceptionMessages       = true                                   {manageable} {command line}
   size_t SoftMaxHeapSize                          = 1855979520                             {manageable} {ergonomic}
     bool UseCompressedClassPointers               = true                                 {lp64_product} {ergonomic}
     bool UseCompressedOops                        = true                                 {lp64_product} {ergonomic}
     bool UseG1GC                                  = true                                      {product} {ergonomic}
     bool UseLargePagesIndividualAllocation        = false                                  {pd product} {ergonomic}

Logging:
Log output configuration:
 #0: stdout all=warning uptime,level,tags
 #1: stderr all=off uptime,level,tags

Environment Variables:
JAVA_HOME=C:\Program Files\Java\jdk-15.0.1\bin
CLASSPATH=C:\Program Files\Java\jdk-15.0.1\bin;C:\Users\Ramashanker\Desktop\Java Programs;
PATH=C:\Program Files\Common Files\Oracle\Java\javapath;C:\Program Files (x86)\Common Files\Oracle\Java\javapath;C:\Program Files (x86)\NVIDIA Corporation\PhysX\Common;C:\ProgramData\Oracle\Java\javapath;C:\WINDOWS\system32;C:\WINDOWS;C:\WINDOWS\System32\Wbem;C:\WINDOWS\System32\WindowsPowerShell\v1.0\;C:\Program Files (x86)\ATI Technologies\ATI.ACE\Core-Static;C:\WINDOWS\System32\OpenSSH\;C:\Program Files\Microsoft SQL Server\Client SDK\ODBC\110\Tools\Binn\;C:\Program Files (x86)\Microsoft SQL Server\120\Tools\Binn\;C:\Program Files\Microsoft SQL Server\120\Tools\Binn\;C:\Program Files\Microsoft SQL Server\120\DTS\Binn\;C:\Program Files (x86)\Windows Kits\8.1\Windows Performance Toolkit\;C:\Program Files\Java\jdk-15.0.1\bin;C:\Program Files\Git\cmd;C:\Program Files\nodejs\;C:\Program Files (x86)\CodeBlocks\MinGW\bin;C:\Users\Ramashanker\AppData\Local\Microsoft\WindowsApps;C:\Program Files\Java\jdk-15.0.1\bin\bin;C:\Users\Ramashanker\AppData\Roaming\npm;C:\Program Files\Java\jdk-15.0.1\bin;;C:\Users\Ramashanker\AppData\Local\Programs\Microsoft VS Code\bin
USERNAME=Ramashanker
OS=Windows_NT
PROCESSOR_IDENTIFIER=AMD64 Family 22 Model 48 Stepping 1, AuthenticAMD



---------------  S Y S T E M  ---------------

OS:
 Windows 10 , 64 bit Build 18362 (10.0.18362.1316)
OS uptime: 8 days 21:05 hours

CPU: total 4 (initial active 4) (4 cores per cpu, 1 threads per core) family 22 model 48 stepping 1 microcode 0x0, cmov, cx8, fxsr, mmx, sse, sse2, sse3, ssse3, sse4.1, sse4.2, popcnt, vzeroupper, avx, aes, clmul, 3dnowpref, lzcnt, sse4a, tsc, tscinvbit, tscinv, bmi1, clflush

Memory: 4k page, system-wide physical 7074M (415M free)
TotalPageFile size 28578M (AvailPageFile size 0M)
current process WorkingSet (physical memory assigned to process): 82M, peak: 82M
current process commit charge ("private bytes"): 218M, peak: 219M

vm_info: Java HotSpot(TM) 64-Bit Server VM (15.0.1+9-18) for windows-amd64 JRE (15.0.1+9-18), built on Sep 15 2020 14:43:54 by "mach5one" with unknown MS VC++:1925

END.
